{"C:\\Users\\carlo\\repositories\\pc-recommendation\\src\\data\\index.ts": {"path":"C:\\Users\\carlo\\repositories\\pc-recommendation\\src\\data\\index.ts","statementMap":{"0":{"start":{"line":3,"column":54},"end":{"line":6,"column":1}},"1":{"start":{"line":8,"column":53},"end":{"line":13,"column":1}},"2":{"start":{"line":15,"column":65},"end":{"line":52,"column":1}}},"fnMap":{},"branchMap":{},"s":{"0":1,"1":1,"2":1},"f":{},"b":{},"_coverageSchema":"1a1c01bbd47fc00a2c39e90264f33305004495a9","hash":"d0902c8fc05b5de36987b445a687d78fa407e22f"}
,"C:\\Users\\carlo\\repositories\\pc-recommendation\\src\\data\\survey-data.ts": {"path":"C:\\Users\\carlo\\repositories\\pc-recommendation\\src\\data\\survey-data.ts","statementMap":{"0":{"start":{"line":3,"column":54},"end":{"line":106,"column":1}}},"fnMap":{},"branchMap":{},"s":{"0":1},"f":{},"b":{},"_coverageSchema":"1a1c01bbd47fc00a2c39e90264f33305004495a9","hash":"3ba8165479ead64ef745571e2fb7ebb8b192f39b"}
,"C:\\Users\\carlo\\repositories\\pc-recommendation\\src\\domain\\Survey.ts": {"path":"C:\\Users\\carlo\\repositories\\pc-recommendation\\src\\domain\\Survey.ts","statementMap":{"0":{"start":{"line":7,"column":4},"end":{"line":7,"column":21}},"1":{"start":{"line":11,"column":4},"end":{"line":11,"column":36}},"2":{"start":{"line":11,"column":24},"end":{"line":11,"column":36}},"3":{"start":{"line":13,"column":4},"end":{"line":13,"column":44}}},"fnMap":{"0":{"name":"(anonymous_0)","decl":{"start":{"line":6,"column":2},"end":{"line":6,"column":3}},"loc":{"start":{"line":6,"column":48},"end":{"line":8,"column":3}},"line":6},"1":{"name":"(anonymous_1)","decl":{"start":{"line":10,"column":2},"end":{"line":10,"column":3}},"loc":{"start":{"line":10,"column":39},"end":{"line":14,"column":3}},"line":10}},"branchMap":{"0":{"loc":{"start":{"line":11,"column":4},"end":{"line":11,"column":36}},"type":"if","locations":[{"start":{"line":11,"column":4},"end":{"line":11,"column":36}},{"start":{"line":11,"column":4},"end":{"line":11,"column":36}}],"line":11},"1":{"loc":{"start":{"line":13,"column":11},"end":{"line":13,"column":43}},"type":"binary-expr","locations":[{"start":{"line":13,"column":11},"end":{"line":13,"column":35}},{"start":{"line":13,"column":39},"end":{"line":13,"column":43}}],"line":13}},"s":{"0":3,"1":3,"2":1,"3":2},"f":{"0":3,"1":3},"b":{"0":[1,2],"1":[2,1]},"_coverageSchema":"1a1c01bbd47fc00a2c39e90264f33305004495a9","hash":"44142eeea993197920bf5456bba5e1cae0f967cc"}
}
